<?xml version="1.0" encoding="UTF-8"?>
<!-- Generated by org.testng.reporters.JUnitReportReporter -->
<testsuite hostname="Shohanur-Sourav" failures="0" tests="2" name="tests.AccountCreate" time="26.477" errors="0" timestamp="2022-10-14T22:06:44 BDT" skipped="0">
  <testcase classname="tests.AccountCreate" name="CLickonSIgnIn" time="14.116"/>
  <system-out/>
  <testcase classname="tests.AccountCreate" name="emailProvide" time="12.361"/>
  <system-out/>
</testsuite> <!-- tests.AccountCreate -->
