<?xml version="1.0" encoding="UTF-8"?>
<!-- Generated by org.testng.reporters.JUnitReportReporter -->
<testsuite hostname="Shohanur-Sourav" failures="0" tests="1" name="tests.AccountCreate2" time="11.209" errors="0" timestamp="2022-10-14T22:06:44 BDT" skipped="0">
  <testcase classname="tests.AccountCreate2" name="information" time="11.209"/>
  <system-out/>
</testsuite> <!-- tests.AccountCreate2 -->
